[17832:1] 2024-04-19 11:59:02.435 [0x2A7C(0) CxCommonApi::LogModuleInfo] [MODULE LOADING] ModuleName amon64.dll, Version [2.0.0.1], ModulePath C:\Program Files\Geni\Insights\temp\amon64.dll ModifiedTime 2023-04-17 12:48:44
[17832:1] 2024-04-19 11:59:02.436 [0x2A7C(0) CxSensorPipeClient::Initialize] [Initialize]
[17832:1] 2024-04-19 11:59:02.436 [0x2A7C(0) CxThreadPool::Initialize] Queue init : OutputQue 0, nThreadPoolSize : 1
[17832:1] 2024-04-19 11:59:02.437 [0x2A7C(183) CxThreadPool::CreateThreadPool] Create 1 WorkerThread
[17832:1] 2024-04-19 11:59:02.439 [0x2A7C(0) CAttachMonitor::_InstallHook] [INSTALL_HOOK] GetOpenFileNameW : ssh.exe:17832
[17832:1] 2024-04-19 11:59:02.440 [0x2A7C(183) CAttachMonitor::_InstallHook] [INSTALL_HOOK] CoCreateInstance : ssh.exe:17832
[17832:1] 2024-04-19 11:59:02.440 [0x2A7C(183) CAttachMonitor::_InstallHook] [INSTALL_HOOK] DoDragDrop : ssh.exe:17832
[17832:1] 2024-04-19 11:59:02.440 [0x2A7C(183) CUIAManager::Initialize] [Initialize]
[17832:1] 2024-04-19 11:59:02.440 [0x2A7C(183) CUIAManager::Initialize] [/Initialize] SUCCESS
[17832:1] 2024-04-19 11:59:02.441 [0x2A7C(536871044) CxDllNotifier::Initialize] [Initialize]
[17832:1] 2024-04-19 11:59:02.441 [0x2A7C(183) CxDllNotifier::Initialize] [RegisterDllNotification] 00000000007192E0
[17832:1] 2024-04-19 11:59:02.441 [0x2A7C(183) CxDllNotifier::RegisterCallback] [RegisterCallback] Callback 00007FFF33825300 Context 000000000073C140
[17832:1] 2024-04-19 11:59:02.443 [0x10CC(87) CxThreadPool::ThreadEntry] Worker Thread begins
[17832:1] 2024-04-19 11:59:02.446 [0x10CC(1) CxSensorPipeClient::SendJson] [SEND][ReqType:10] {
   "PID" : 17832,
   "ProcPath" : "C:\\Program Files\\Git\\usr\\bin\\ssh.exe",
   "ReqType" : "xSensorRequestType_GetAmonProfile"
}

[17832:1] 2024-04-19 11:59:02.447 [0x10CC(183) CxSensorPipeClient::SendJson] [RECV] {
   "DetectionProcessList" : ""
}

[17832:1] 2024-04-19 11:59:02.448 [0x10CC(183) CAttachMonitor::_PipeResponseCallback] Addtional DetectionProcessList is empty
[17832:1] 2024-04-19 11:59:02.448 [0x10CC(183) CAttachMonitor::_PipeResponseCallback] Not Target Process[myself]
